This is pdfTeX, Version 3.14159265-2.6-1.40.19 (MiKTeX 2.9.6630 64-bit) (preloaded format=pdflatex 2018.3.26)  25 JUL 2018 19:14
entering extended mode
**./abstract.tex
(abstract.tex
LaTeX2e <2017-04-15>
Babel <3.18> and hyphenation patterns for 72 language(s) loaded.

("C:\Users\GeorgeSun\AppData\Local\Programs\MiKTeX 2.9\tex\latex\subfiles\subfi
les.cls"
Document Class: subfiles 2012/05/23 Federico Garcia
("C:\Program Files\MiKTeX 2.9\tex\latex\tools\verbatim.sty"
Package: verbatim 2014/10/28 v1.5q LaTeX2e package for verbatim enhancements
\every@verbatim=\toks14
\verbatim@line=\toks15
\verbatim@in@stream=\read1
)
Preamble taken from file `../main/main.tex'
(../main/main.tex ("C:\Program Files\MiKTeX 2.9\tex\latex\base\article.cls"
Document Class: article 2014/09/29 v1.4h Standard LaTeX document class
("C:\Program Files\MiKTeX 2.9\tex\latex\base\size12.clo"
File: size12.clo 2014/09/29 v1.4h Standard LaTeX file (size option)
)
\c@part=\count79
\c@section=\count80
\c@subsection=\count81
\c@subsubsection=\count82
\c@paragraph=\count83
\c@subparagraph=\count84
\c@figure=\count85
\c@table=\count86
\abovecaptionskip=\skip41
\belowcaptionskip=\skip42
\bibindent=\dimen102
)
("C:\Users\GeorgeSun\AppData\Local\Programs\MiKTeX 2.9\tex\latex\subfiles\subfi
les.sty"
Package: subfiles 2012/05/23 Federico Garcia
) (../main/preamble.sty

LaTeX Warning: You have requested package `../main/preamble',
               but the package provides `preamble'.

Package: preamble 
("C:\Program Files\MiKTeX 2.9\tex\generic\babel\babel.sty"
Package: babel 2018/02/14 3.18 The Babel package

("C:\Program Files\MiKTeX 2.9\tex\generic\babel\switch.def"
File: switch.def 2018/02/14 3.18 Babel switching mechanism
)
*************************************
* Local config file bblopts.cfg used
*

("C:\Users\GeorgeSun\AppData\Local\Programs\MiKTeX 2.9\tex\latex\arabi\bblopts.
cfg"
File: bblopts.cfg 2005/09/08 v0.1 add Arabic and Farsi to "declared" options of
 babel
)
("C:\Users\GeorgeSun\AppData\Local\Programs\MiKTeX 2.9\tex\latex\babel-english\
english.ldf"
Language: english 2012/08/20 v3.3p English support from the babel system
 ("C:\Program Files\MiKTeX 2.9\tex\generic\babel\babel.def"
File: babel.def 2018/02/14 3.18 Babel common definitions
\babel@savecnt=\count87
\U@D=\dimen103

("C:\Program Files\MiKTeX 2.9\tex\generic\babel\txtbabel.def")
\bbl@dirlevel=\count88
)
\l@american = a dialect from \language\l@english 
\l@canadian = a dialect from \language\l@american 
\l@australian = a dialect from \language\l@british 
\l@newzealand = a dialect from \language\l@british 
))
("C:\Program Files\MiKTeX 2.9\tex\latex\amsmath\amsmath.sty"
Package: amsmath 2017/09/02 v2.17a AMS math features
\@mathmargin=\skip43

For additional information on amsmath, use the `?' option.
("C:\Program Files\MiKTeX 2.9\tex\latex\amsmath\amstext.sty"
Package: amstext 2000/06/29 v2.01 AMS text

("C:\Program Files\MiKTeX 2.9\tex\latex\amsmath\amsgen.sty"
File: amsgen.sty 1999/11/30 v2.0 generic functions
\@emptytoks=\toks16
\ex@=\dimen104
))
("C:\Program Files\MiKTeX 2.9\tex\latex\amsmath\amsbsy.sty"
Package: amsbsy 1999/11/29 v1.2d Bold Symbols
\pmbraise@=\dimen105
)
("C:\Program Files\MiKTeX 2.9\tex\latex\amsmath\amsopn.sty"
Package: amsopn 2016/03/08 v2.02 operator names
)
\inf@bad=\count89
LaTeX Info: Redefining \frac on input line 213.
\uproot@=\count90
\leftroot@=\count91
LaTeX Info: Redefining \overline on input line 375.
\classnum@=\count92
\DOTSCASE@=\count93
LaTeX Info: Redefining \ldots on input line 472.
LaTeX Info: Redefining \dots on input line 475.
LaTeX Info: Redefining \cdots on input line 596.
\Mathstrutbox@=\box26
\strutbox@=\box27
\big@size=\dimen106
LaTeX Font Info:    Redeclaring font encoding OML on input line 712.
LaTeX Font Info:    Redeclaring font encoding OMS on input line 713.
\macc@depth=\count94
\c@MaxMatrixCols=\count95
\dotsspace@=\muskip10
\c@parentequation=\count96
\dspbrk@lvl=\count97
\tag@help=\toks17
\row@=\count98
\column@=\count99
\maxfields@=\count100
\andhelp@=\toks18
\eqnshift@=\dimen107
\alignsep@=\dimen108
\tagshift@=\dimen109
\tagwidth@=\dimen110
\totwidth@=\dimen111
\lineht@=\dimen112
\@envbody=\toks19
\multlinegap=\skip44
\multlinetaggap=\skip45
\mathdisplay@stack=\toks20
LaTeX Info: Redefining \[ on input line 2817.
LaTeX Info: Redefining \] on input line 2818.
)
("C:\Program Files\MiKTeX 2.9\tex\latex\graphics\graphicx.sty"
Package: graphicx 2017/06/01 v1.1a Enhanced LaTeX Graphics (DPC,SPQR)

("C:\Program Files\MiKTeX 2.9\tex\latex\graphics\keyval.sty"
Package: keyval 2014/10/28 v1.15 key=value parser (DPC)
\KV@toks@=\toks21
)
("C:\Program Files\MiKTeX 2.9\tex\latex\graphics\graphics.sty"
Package: graphics 2017/06/25 v1.2c Standard LaTeX Graphics (DPC,SPQR)

("C:\Program Files\MiKTeX 2.9\tex\latex\graphics\trig.sty"
Package: trig 2016/01/03 v1.10 sin cos tan (DPC)
)
("C:\Users\GeorgeSun\AppData\Local\Programs\MiKTeX 2.9\tex\latex\graphics-cfg\g
raphics.cfg"
File: graphics.cfg 2016/06/04 v1.11 sample graphics configuration
)
Package graphics Info: Driver file: pdftex.def on input line 99.

("C:\Users\GeorgeSun\AppData\Local\Programs\MiKTeX 2.9\tex\latex\graphics-def\p
dftex.def"
File: pdftex.def 2018/01/08 v1.0l Graphics/color driver for pdftex
))
\Gin@req@height=\dimen113
\Gin@req@width=\dimen114
)
("C:\Users\GeorgeSun\AppData\Local\Programs\MiKTeX 2.9\tex\latex\todonotes\todo
notes.sty"
Package: todonotes 2015/07/09 .dtx Todonotes source and documentation.
Package: todonotes 2012/07/25
 ("C:\Program Files\MiKTeX 2.9\tex\latex\base\ifthen.sty"
Package: ifthen 2014/09/29 v1.1c Standard LaTeX ifthen package (DPC)
)
("C:\Program Files\MiKTeX 2.9\tex\latex\xkeyval\xkeyval.sty"
Package: xkeyval 2014/12/03 v2.7a package option processing (HA)

("C:\Program Files\MiKTeX 2.9\tex\generic\xkeyval\xkeyval.tex"
("C:\Program Files\MiKTeX 2.9\tex\generic\xkeyval\xkvutils.tex"
\XKV@toks=\toks22
\XKV@tempa@toks=\toks23
)
\XKV@depth=\count101
File: xkeyval.tex 2014/12/03 v2.7a key=value parser (HA)
))
("C:\Users\GeorgeSun\AppData\Local\Programs\MiKTeX 2.9\tex\latex\xcolor\xcolor.
sty"
Package: xcolor 2007/01/21 v2.11 LaTeX color extensions (UK)

("C:\Users\GeorgeSun\AppData\Local\Programs\MiKTeX 2.9\tex\latex\graphics-cfg\c
olor.cfg"
File: color.cfg 2016/01/02 v1.6 sample color configuration
)
Package xcolor Info: Driver file: pdftex.def on input line 225.
Package xcolor Info: Model `cmy' substituted by `cmy0' on input line 1337.
Package xcolor Info: Model `hsb' substituted by `rgb' on input line 1341.
Package xcolor Info: Model `RGB' extended on input line 1353.
Package xcolor Info: Model `HTML' substituted by `rgb' on input line 1355.
Package xcolor Info: Model `Hsb' substituted by `hsb' on input line 1356.
Package xcolor Info: Model `tHsb' substituted by `hsb' on input line 1357.
Package xcolor Info: Model `HSB' substituted by `hsb' on input line 1358.
Package xcolor Info: Model `Gray' substituted by `gray' on input line 1359.
Package xcolor Info: Model `wave' substituted by `hsb' on input line 1360.
)
("C:\Users\GeorgeSun\AppData\Local\Programs\MiKTeX 2.9\tex\latex\pgf\frontendla
yer\tikz.sty"
("C:\Users\GeorgeSun\AppData\Local\Programs\MiKTeX 2.9\tex\latex\pgf\basiclayer
\pgf.sty"
("C:\Users\GeorgeSun\AppData\Local\Programs\MiKTeX 2.9\tex\latex\pgf\utilities\
pgfrcs.sty"
("C:\Users\GeorgeSun\AppData\Local\Programs\MiKTeX 2.9\tex\generic\pgf\utilitie
s\pgfutil-common.tex"
\pgfutil@everybye=\toks24
\pgfutil@tempdima=\dimen115
\pgfutil@tempdimb=\dimen116

("C:\Users\GeorgeSun\AppData\Local\Programs\MiKTeX 2.9\tex\generic\pgf\utilitie
s\pgfutil-common-lists.tex"))
("C:\Users\GeorgeSun\AppData\Local\Programs\MiKTeX 2.9\tex\generic\pgf\utilitie
s\pgfutil-latex.def"
\pgfutil@abb=\box28

("C:\Users\GeorgeSun\AppData\Local\Programs\MiKTeX 2.9\tex\latex\ms\everyshi.st
y"
Package: everyshi 2001/05/15 v3.00 EveryShipout Package (MS)
))
("C:\Users\GeorgeSun\AppData\Local\Programs\MiKTeX 2.9\tex\generic\pgf\utilitie
s\pgfrcs.code.tex"
Package: pgfrcs 2015/08/07 v3.0.1a (rcs-revision 1.31)
))
Package: pgf 2015/08/07 v3.0.1a (rcs-revision 1.15)

("C:\Users\GeorgeSun\AppData\Local\Programs\MiKTeX 2.9\tex\latex\pgf\basiclayer
\pgfcore.sty"
("C:\Users\GeorgeSun\AppData\Local\Programs\MiKTeX 2.9\tex\latex\pgf\systemlaye
r\pgfsys.sty"
("C:\Users\GeorgeSun\AppData\Local\Programs\MiKTeX 2.9\tex\generic\pgf\systemla
yer\pgfsys.code.tex"
Package: pgfsys 2014/07/09 v3.0.1a (rcs-revision 1.48)

("C:\Users\GeorgeSun\AppData\Local\Programs\MiKTeX 2.9\tex\generic\pgf\utilitie
s\pgfkeys.code.tex"
\pgfkeys@pathtoks=\toks25
\pgfkeys@temptoks=\toks26

("C:\Users\GeorgeSun\AppData\Local\Programs\MiKTeX 2.9\tex\generic\pgf\utilitie
s\pgfkeysfiltered.code.tex"
\pgfkeys@tmptoks=\toks27
))
\pgf@x=\dimen117
\pgf@y=\dimen118
\pgf@xa=\dimen119
\pgf@ya=\dimen120
\pgf@xb=\dimen121
\pgf@yb=\dimen122
\pgf@xc=\dimen123
\pgf@yc=\dimen124
\w@pgf@writea=\write3
\r@pgf@reada=\read2
\c@pgf@counta=\count102
\c@pgf@countb=\count103
\c@pgf@countc=\count104
\c@pgf@countd=\count105
\t@pgf@toka=\toks28
\t@pgf@tokb=\toks29
\t@pgf@tokc=\toks30

("C:\Users\GeorgeSun\AppData\Local\Programs\MiKTeX 2.9\tex\generic\pgf\systemla
yer\pgf.cfg"
File: pgf.cfg 2008/05/14  (rcs-revision 1.7)
)
Driver file for pgf: pgfsys-pdftex.def

("C:\Users\GeorgeSun\AppData\Local\Programs\MiKTeX 2.9\tex\generic\pgf\systemla
yer\pgfsys-pdftex.def"
File: pgfsys-pdftex.def 2014/10/11  (rcs-revision 1.35)

("C:\Users\GeorgeSun\AppData\Local\Programs\MiKTeX 2.9\tex\generic\pgf\systemla
yer\pgfsys-common-pdf.def"
File: pgfsys-common-pdf.def 2013/10/10  (rcs-revision 1.13)
)))
("C:\Users\GeorgeSun\AppData\Local\Programs\MiKTeX 2.9\tex\generic\pgf\systemla
yer\pgfsyssoftpath.code.tex"
File: pgfsyssoftpath.code.tex 2013/09/09  (rcs-revision 1.9)
\pgfsyssoftpath@smallbuffer@items=\count106
\pgfsyssoftpath@bigbuffer@items=\count107
)
("C:\Users\GeorgeSun\AppData\Local\Programs\MiKTeX 2.9\tex\generic\pgf\systemla
yer\pgfsysprotocol.code.tex"
File: pgfsysprotocol.code.tex 2006/10/16  (rcs-revision 1.4)
))
("C:\Users\GeorgeSun\AppData\Local\Programs\MiKTeX 2.9\tex\generic\pgf\basiclay
er\pgfcore.code.tex"
Package: pgfcore 2010/04/11 v3.0.1a (rcs-revision 1.7)

("C:\Users\GeorgeSun\AppData\Local\Programs\MiKTeX 2.9\tex\generic\pgf\math\pgf
math.code.tex"
("C:\Users\GeorgeSun\AppData\Local\Programs\MiKTeX 2.9\tex\generic\pgf\math\pgf
mathcalc.code.tex"
("C:\Users\GeorgeSun\AppData\Local\Programs\MiKTeX 2.9\tex\generic\pgf\math\pgf
mathutil.code.tex")
("C:\Users\GeorgeSun\AppData\Local\Programs\MiKTeX 2.9\tex\generic\pgf\math\pgf
mathparser.code.tex"
\pgfmath@dimen=\dimen125
\pgfmath@count=\count108
\pgfmath@box=\box29
\pgfmath@toks=\toks31
\pgfmath@stack@operand=\toks32
\pgfmath@stack@operation=\toks33
)
("C:\Users\GeorgeSun\AppData\Local\Programs\MiKTeX 2.9\tex\generic\pgf\math\pgf
mathfunctions.code.tex"
("C:\Users\GeorgeSun\AppData\Local\Programs\MiKTeX 2.9\tex\generic\pgf\math\pgf
mathfunctions.basic.code.tex")
("C:\Users\GeorgeSun\AppData\Local\Programs\MiKTeX 2.9\tex\generic\pgf\math\pgf
mathfunctions.trigonometric.code.tex")
("C:\Users\GeorgeSun\AppData\Local\Programs\MiKTeX 2.9\tex\generic\pgf\math\pgf
mathfunctions.random.code.tex")
("C:\Users\GeorgeSun\AppData\Local\Programs\MiKTeX 2.9\tex\generic\pgf\math\pgf
mathfunctions.comparison.code.tex")
("C:\Users\GeorgeSun\AppData\Local\Programs\MiKTeX 2.9\tex\generic\pgf\math\pgf
mathfunctions.base.code.tex")
("C:\Users\GeorgeSun\AppData\Local\Programs\MiKTeX 2.9\tex\generic\pgf\math\pgf
mathfunctions.round.code.tex")
("C:\Users\GeorgeSun\AppData\Local\Programs\MiKTeX 2.9\tex\generic\pgf\math\pgf
mathfunctions.misc.code.tex")
("C:\Users\GeorgeSun\AppData\Local\Programs\MiKTeX 2.9\tex\generic\pgf\math\pgf
mathfunctions.integerarithmetics.code.tex")))
("C:\Users\GeorgeSun\AppData\Local\Programs\MiKTeX 2.9\tex\generic\pgf\math\pgf
mathfloat.code.tex"
\c@pgfmathroundto@lastzeros=\count109
))
("C:\Users\GeorgeSun\AppData\Local\Programs\MiKTeX 2.9\tex\generic\pgf\basiclay
er\pgfcorepoints.code.tex"
File: pgfcorepoints.code.tex 2013/10/07  (rcs-revision 1.27)
\pgf@picminx=\dimen126
\pgf@picmaxx=\dimen127
\pgf@picminy=\dimen128
\pgf@picmaxy=\dimen129
\pgf@pathminx=\dimen130
\pgf@pathmaxx=\dimen131
\pgf@pathminy=\dimen132
\pgf@pathmaxy=\dimen133
\pgf@xx=\dimen134
\pgf@xy=\dimen135
\pgf@yx=\dimen136
\pgf@yy=\dimen137
\pgf@zx=\dimen138
\pgf@zy=\dimen139
)
("C:\Users\GeorgeSun\AppData\Local\Programs\MiKTeX 2.9\tex\generic\pgf\basiclay
er\pgfcorepathconstruct.code.tex"
File: pgfcorepathconstruct.code.tex 2013/10/07  (rcs-revision 1.29)
\pgf@path@lastx=\dimen140
\pgf@path@lasty=\dimen141
)
("C:\Users\GeorgeSun\AppData\Local\Programs\MiKTeX 2.9\tex\generic\pgf\basiclay
er\pgfcorepathusage.code.tex"
File: pgfcorepathusage.code.tex 2014/11/02  (rcs-revision 1.24)
\pgf@shorten@end@additional=\dimen142
\pgf@shorten@start@additional=\dimen143
)
("C:\Users\GeorgeSun\AppData\Local\Programs\MiKTeX 2.9\tex\generic\pgf\basiclay
er\pgfcorescopes.code.tex"
File: pgfcorescopes.code.tex 2015/05/08  (rcs-revision 1.46)
\pgfpic=\box30
\pgf@hbox=\box31
\pgf@layerbox@main=\box32
\pgf@picture@serial@count=\count110
)
("C:\Users\GeorgeSun\AppData\Local\Programs\MiKTeX 2.9\tex\generic\pgf\basiclay
er\pgfcoregraphicstate.code.tex"
File: pgfcoregraphicstate.code.tex 2014/11/02  (rcs-revision 1.12)
\pgflinewidth=\dimen144
)
("C:\Users\GeorgeSun\AppData\Local\Programs\MiKTeX 2.9\tex\generic\pgf\basiclay
er\pgfcoretransformations.code.tex"
File: pgfcoretransformations.code.tex 2015/08/07  (rcs-revision 1.20)
\pgf@pt@x=\dimen145
\pgf@pt@y=\dimen146
\pgf@pt@temp=\dimen147
)
("C:\Users\GeorgeSun\AppData\Local\Programs\MiKTeX 2.9\tex\generic\pgf\basiclay
er\pgfcorequick.code.tex"
File: pgfcorequick.code.tex 2008/10/09  (rcs-revision 1.3)
)
("C:\Users\GeorgeSun\AppData\Local\Programs\MiKTeX 2.9\tex\generic\pgf\basiclay
er\pgfcoreobjects.code.tex"
File: pgfcoreobjects.code.tex 2006/10/11  (rcs-revision 1.2)
)
("C:\Users\GeorgeSun\AppData\Local\Programs\MiKTeX 2.9\tex\generic\pgf\basiclay
er\pgfcorepathprocessing.code.tex"
File: pgfcorepathprocessing.code.tex 2013/09/09  (rcs-revision 1.9)
)
("C:\Users\GeorgeSun\AppData\Local\Programs\MiKTeX 2.9\tex\generic\pgf\basiclay
er\pgfcorearrows.code.tex"
File: pgfcorearrows.code.tex 2015/05/14  (rcs-revision 1.43)
\pgfarrowsep=\dimen148
)
("C:\Users\GeorgeSun\AppData\Local\Programs\MiKTeX 2.9\tex\generic\pgf\basiclay
er\pgfcoreshade.code.tex"
File: pgfcoreshade.code.tex 2013/07/15  (rcs-revision 1.15)
\pgf@max=\dimen149
\pgf@sys@shading@range@num=\count111
)
("C:\Users\GeorgeSun\AppData\Local\Programs\MiKTeX 2.9\tex\generic\pgf\basiclay
er\pgfcoreimage.code.tex"
File: pgfcoreimage.code.tex 2013/07/15  (rcs-revision 1.18)

("C:\Users\GeorgeSun\AppData\Local\Programs\MiKTeX 2.9\tex\generic\pgf\basiclay
er\pgfcoreexternal.code.tex"
File: pgfcoreexternal.code.tex 2014/07/09  (rcs-revision 1.21)
\pgfexternal@startupbox=\box33
))
("C:\Users\GeorgeSun\AppData\Local\Programs\MiKTeX 2.9\tex\generic\pgf\basiclay
er\pgfcorelayers.code.tex"
File: pgfcorelayers.code.tex 2013/07/18  (rcs-revision 1.7)
)
("C:\Users\GeorgeSun\AppData\Local\Programs\MiKTeX 2.9\tex\generic\pgf\basiclay
er\pgfcoretransparency.code.tex"
File: pgfcoretransparency.code.tex 2013/09/30  (rcs-revision 1.5)
)
("C:\Users\GeorgeSun\AppData\Local\Programs\MiKTeX 2.9\tex\generic\pgf\basiclay
er\pgfcorepatterns.code.tex"
File: pgfcorepatterns.code.tex 2013/11/07  (rcs-revision 1.5)
)))
("C:\Users\GeorgeSun\AppData\Local\Programs\MiKTeX 2.9\tex\generic\pgf\modules\
pgfmoduleshapes.code.tex"
File: pgfmoduleshapes.code.tex 2014/03/21  (rcs-revision 1.35)
\pgfnodeparttextbox=\box34
)
("C:\Users\GeorgeSun\AppData\Local\Programs\MiKTeX 2.9\tex\generic\pgf\modules\
pgfmoduleplot.code.tex"
File: pgfmoduleplot.code.tex 2015/08/03  (rcs-revision 1.13)
)
("C:\Users\GeorgeSun\AppData\Local\Programs\MiKTeX 2.9\tex\latex\pgf\compatibil
ity\pgfcomp-version-0-65.sty"
Package: pgfcomp-version-0-65 2007/07/03 v3.0.1a (rcs-revision 1.7)
\pgf@nodesepstart=\dimen150
\pgf@nodesepend=\dimen151
)
("C:\Users\GeorgeSun\AppData\Local\Programs\MiKTeX 2.9\tex\latex\pgf\compatibil
ity\pgfcomp-version-1-18.sty"
Package: pgfcomp-version-1-18 2007/07/23 v3.0.1a (rcs-revision 1.1)
))
("C:\Users\GeorgeSun\AppData\Local\Programs\MiKTeX 2.9\tex\latex\pgf\utilities\
pgffor.sty"
("C:\Users\GeorgeSun\AppData\Local\Programs\MiKTeX 2.9\tex\latex\pgf\utilities\
pgfkeys.sty"
("C:\Users\GeorgeSun\AppData\Local\Programs\MiKTeX 2.9\tex\generic\pgf\utilitie
s\pgfkeys.code.tex"))
("C:\Users\GeorgeSun\AppData\Local\Programs\MiKTeX 2.9\tex\latex\pgf\math\pgfma
th.sty"
("C:\Users\GeorgeSun\AppData\Local\Programs\MiKTeX 2.9\tex\generic\pgf\math\pgf
math.code.tex"))
("C:\Users\GeorgeSun\AppData\Local\Programs\MiKTeX 2.9\tex\generic\pgf\utilitie
s\pgffor.code.tex"
Package: pgffor 2013/12/13 v3.0.1a (rcs-revision 1.25)

("C:\Users\GeorgeSun\AppData\Local\Programs\MiKTeX 2.9\tex\generic\pgf\math\pgf
math.code.tex")
\pgffor@iter=\dimen152
\pgffor@skip=\dimen153
\pgffor@stack=\toks34
\pgffor@toks=\toks35
))
("C:\Users\GeorgeSun\AppData\Local\Programs\MiKTeX 2.9\tex\generic\pgf\frontend
layer\tikz\tikz.code.tex"
Package: tikz 2015/08/07 v3.0.1a (rcs-revision 1.151)

("C:\Users\GeorgeSun\AppData\Local\Programs\MiKTeX 2.9\tex\generic\pgf\librarie
s\pgflibraryplothandlers.code.tex"
File: pgflibraryplothandlers.code.tex 2013/08/31 v3.0.1a (rcs-revision 1.20)
\pgf@plot@mark@count=\count112
\pgfplotmarksize=\dimen154
)
\tikz@lastx=\dimen155
\tikz@lasty=\dimen156
\tikz@lastxsaved=\dimen157
\tikz@lastysaved=\dimen158
\tikzleveldistance=\dimen159
\tikzsiblingdistance=\dimen160
\tikz@figbox=\box35
\tikz@figbox@bg=\box36
\tikz@tempbox=\box37
\tikz@tempbox@bg=\box38
\tikztreelevel=\count113
\tikznumberofchildren=\count114
\tikznumberofcurrentchild=\count115
\tikz@fig@count=\count116

("C:\Users\GeorgeSun\AppData\Local\Programs\MiKTeX 2.9\tex\generic\pgf\modules\
pgfmodulematrix.code.tex"
File: pgfmodulematrix.code.tex 2013/09/17  (rcs-revision 1.8)
\pgfmatrixcurrentrow=\count117
\pgfmatrixcurrentcolumn=\count118
\pgf@matrix@numberofcolumns=\count119
)
\tikz@expandcount=\count120

("C:\Users\GeorgeSun\AppData\Local\Programs\MiKTeX 2.9\tex\generic\pgf\frontend
layer\tikz\libraries\tikzlibrarytopaths.code.tex"
File: tikzlibrarytopaths.code.tex 2008/06/17 v3.0.1a (rcs-revision 1.2)
)))
("C:\Users\GeorgeSun\AppData\Local\Programs\MiKTeX 2.9\tex\generic\pgf\frontend
layer\tikz\libraries\tikzlibrarypositioning.code.tex"
File: tikzlibrarypositioning.code.tex 2008/10/06 v3.0.1a (rcs-revision 1.7)
)
("C:\Program Files\MiKTeX 2.9\tex\latex\tools\calc.sty"
Package: calc 2014/10/28 v4.3 Infix arithmetic (KKT,FJ)
\calc@Acount=\count121
\calc@Bcount=\count122
\calc@Adimen=\dimen161
\calc@Bdimen=\dimen162
\calc@Askip=\skip46
\calc@Bskip=\skip47
LaTeX Info: Redefining \setlength on input line 80.
LaTeX Info: Redefining \addtolength on input line 81.
\calc@Ccount=\count123
\calc@Cskip=\skip48
)
\c@@todonotes@numberoftodonotes=\count124
)
("C:\Users\GeorgeSun\AppData\Local\Programs\MiKTeX 2.9\tex\latex\mathtools\math
tools.sty"
Package: mathtools 2015/11/12 v1.18 mathematical typesetting tools

("C:\Users\GeorgeSun\AppData\Local\Programs\MiKTeX 2.9\tex\latex\mathtools\mhse
tup.sty"
Package: mhsetup 2010/01/21 v1.2a programming setup (MH)
)
LaTeX Info: Thecontrolsequence`\('isalreadyrobust on input line 129.
LaTeX Info: Thecontrolsequence`\)'isalreadyrobust on input line 129.
LaTeX Info: Thecontrolsequence`\['isalreadyrobust on input line 129.
LaTeX Info: Thecontrolsequence`\]'isalreadyrobust on input line 129.
\g_MT_multlinerow_int=\count125
\l_MT_multwidth_dim=\dimen163
\origjot=\skip49
\l_MT_shortvdotswithinadjustabove_dim=\dimen164
\l_MT_shortvdotswithinadjustbelow_dim=\dimen165
\l_MT_above_intertext_sep=\dimen166
\l_MT_below_intertext_sep=\dimen167
\l_MT_above_shortintertext_sep=\dimen168
\l_MT_below_shortintertext_sep=\dimen169
) ("C:\Program Files\MiKTeX 2.9\tex\latex\amsfonts\amssymb.sty"
Package: amssymb 2013/01/14 v3.01 AMS font symbols

("C:\Program Files\MiKTeX 2.9\tex\latex\amsfonts\amsfonts.sty"
Package: amsfonts 2013/01/14 v3.01 Basic AMSFonts support
\symAMSa=\mathgroup4
\symAMSb=\mathgroup5
LaTeX Font Info:    Overwriting math alphabet `\mathfrak' in version `bold'
(Font)                  U/euf/m/n --> U/euf/b/n on input line 106.
))
("C:\Program Files\MiKTeX 2.9\tex\latex\float\float.sty"
Package: float 2001/11/08 v1.3d Float enhancements (AL)
\c@float@type=\count126
\float@exts=\toks36
\float@box=\box39
\@float@everytoks=\toks37
\@floatcapt=\box40
)
("C:\Users\GeorgeSun\AppData\Local\Programs\MiKTeX 2.9\tex\latex\caption\subcap
tion.sty"
Package: subcaption 2015/09/15 v1.1-100 Sub-captions (AR)

("C:\Users\GeorgeSun\AppData\Local\Programs\MiKTeX 2.9\tex\latex\caption\captio
n.sty"
Package: caption 2015/09/17 v3.3-111 Customizing captions (AR)

("C:\Users\GeorgeSun\AppData\Local\Programs\MiKTeX 2.9\tex\latex\caption\captio
n3.sty"
Package: caption3 2015/09/20 v1.7-115 caption3 kernel (AR)
Package caption3 Info: TeX engine: e-TeX on input line 57.
\captionmargin=\dimen170
\captionmargin@=\dimen171
\captionwidth=\dimen172
\caption@tempdima=\dimen173
\caption@indent=\dimen174
\caption@parindent=\dimen175
\caption@hangindent=\dimen176
)
\c@ContinuedFloat=\count127
Package caption Info: float package is loaded.
)
\c@subfigure=\count128
\c@subtable=\count129
)
("C:\Users\GeorgeSun\AppData\Local\Programs\MiKTeX 2.9\tex\latex\sidecap\sideca
p.sty"
Package: sidecap 2003/06/06 v1.6f SideCap Package (RN/HjG)
\SC@BOXWD=\dimen177
\SC@CAPWD=\dimen178
\SC@tempdima=\dimen179
\SC@tempdimb=\dimen180
\c@SC@C=\count130
\SC@BOX=\box41
)
("C:\Users\GeorgeSun\AppData\Local\Programs\MiKTeX 2.9\tex\latex\makecell\makec
ell.sty"
Package: makecell 2009/08/03 V0.1e Managing of Tab Column Heads and Cells
 ("C:\Program Files\MiKTeX 2.9\tex\latex\tools\array.sty"
Package: array 2016/10/06 v2.4d Tabular extension package (FMi)
\col@sep=\dimen181
\extrarowheight=\dimen182
\NC@list=\toks38
\extratabsurround=\skip50
\backup@length=\skip51
)
\rotheadsize=\dimen183
\c@nlinenum=\count131
\TeXr@lab=\toks39
)
("C:\Program Files\MiKTeX 2.9\tex\latex\tools\multicol.sty"
Package: multicol 2017/04/11 v1.8q multicolumn formatting (FMi)
\c@tracingmulticols=\count132
\mult@box=\box42
\multicol@leftmargin=\dimen184
\c@unbalance=\count133
\c@collectmore=\count134
\doublecol@number=\count135
\multicoltolerance=\count136
\multicolpretolerance=\count137
\full@width=\dimen185
\page@free=\dimen186
\premulticols=\dimen187
\postmulticols=\dimen188
\multicolsep=\skip52
\multicolbaselineskip=\skip53
\partial@page=\box43
\last@line=\box44
\maxbalancingoverflow=\dimen189
\mult@rightbox=\box45
\mult@grightbox=\box46
\mult@gfirstbox=\box47
\mult@firstbox=\box48
\@tempa=\box49
\@tempa=\box50
\@tempa=\box51
\@tempa=\box52
\@tempa=\box53
\@tempa=\box54
\@tempa=\box55
\@tempa=\box56
\@tempa=\box57
\@tempa=\box58
\@tempa=\box59
\@tempa=\box60
\@tempa=\box61
\@tempa=\box62
\@tempa=\box63
\@tempa=\box64
\@tempa=\box65
\c@columnbadness=\count138
\c@finalcolumnbadness=\count139
\last@try=\dimen190
\multicolovershoot=\dimen191
\multicolundershoot=\dimen192
\mult@nat@firstbox=\box66
\colbreak@box=\box67
\mc@col@check@num=\count140
)
("C:\Program Files\MiKTeX 2.9\tex\latex\multirow\multirow.sty"
Package: multirow 2016/11/25 v2.2 Span multiple rows of a table
\multirow@colwidth=\skip54
\multirow@cntb=\count141
\multirow@dima=\skip55
\bigstrutjot=\dimen193
)
("C:\Program Files\MiKTeX 2.9\tex\latex\hyperref\hyperref.sty"
Package: hyperref 2018/02/06 v6.86b Hypertext links for LaTeX

("C:\Program Files\MiKTeX 2.9\tex\generic\oberdiek\hobsub-hyperref.sty"
Package: hobsub-hyperref 2016/05/16 v1.14 Bundle oberdiek, subset hyperref (HO)


("C:\Program Files\MiKTeX 2.9\tex\generic\oberdiek\hobsub-generic.sty"
Package: hobsub-generic 2016/05/16 v1.14 Bundle oberdiek, subset generic (HO)
Package: hobsub 2016/05/16 v1.14 Construct package bundles (HO)
Package: infwarerr 2016/05/16 v1.4 Providing info/warning/error messages (HO)
Package: ltxcmds 2016/05/16 v1.23 LaTeX kernel commands for general use (HO)
Package: ifluatex 2016/05/16 v1.4 Provides the ifluatex switch (HO)
Package ifluatex Info: LuaTeX not detected.
Package: ifvtex 2016/05/16 v1.6 Detect VTeX and its facilities (HO)
Package ifvtex Info: VTeX not detected.
Package: intcalc 2016/05/16 v1.2 Expandable calculations with integers (HO)
Package: ifpdf 2017/03/15 v3.2 Provides the ifpdf switch
Package: etexcmds 2016/05/16 v1.6 Avoid name clashes with e-TeX commands (HO)
Package etexcmds Info: Could not find \expanded.
(etexcmds)             That can mean that you are not using pdfTeX 1.50 or
(etexcmds)             that some package has redefined \expanded.
(etexcmds)             In the latter case, load this package earlier.
Package: kvsetkeys 2016/05/16 v1.17 Key value parser (HO)
Package: kvdefinekeys 2016/05/16 v1.4 Define keys (HO)
Package: pdftexcmds 2018/01/21 v0.26 Utility functions of pdfTeX for LuaTeX (HO
)
Package pdftexcmds Info: LuaTeX not detected.
Package pdftexcmds Info: \pdf@primitive is available.
Package pdftexcmds Info: \pdf@ifprimitive is available.
Package pdftexcmds Info: \pdfdraftmode found.
Package: pdfescape 2016/05/16 v1.14 Implements pdfTeX's escape features (HO)
Package: bigintcalc 2016/05/16 v1.4 Expandable calculations on big integers (HO
)
Package: bitset 2016/05/16 v1.2 Handle bit-vector datatype (HO)
Package: uniquecounter 2016/05/16 v1.3 Provide unlimited unique counter (HO)
)
Package hobsub Info: Skipping package `hobsub' (already loaded).
Package: letltxmacro 2016/05/16 v1.5 Let assignment for LaTeX macros (HO)
Package: hopatch 2016/05/16 v1.3 Wrapper for package hooks (HO)
Package: xcolor-patch 2016/05/16 xcolor patch
Package: atveryend 2016/05/16 v1.9 Hooks at the very end of document (HO)
Package: atbegshi 2016/06/09 v1.18 At begin shipout hook (HO)
Package: refcount 2016/05/16 v3.5 Data extraction from label references (HO)
Package: hycolor 2016/05/16 v1.8 Color options for hyperref/bookmark (HO)
)
("C:\Program Files\MiKTeX 2.9\tex\generic\ifxetex\ifxetex.sty"
Package: ifxetex 2010/09/12 v0.6 Provides ifxetex conditional
)
("C:\Program Files\MiKTeX 2.9\tex\latex\oberdiek\auxhook.sty"
Package: auxhook 2016/05/16 v1.4 Hooks for auxiliary files (HO)


Package auxhook Warning: Cannot patch \document,
(auxhook)                using \AtBeginDocument instead.

) ("C:\Program Files\MiKTeX 2.9\tex\latex\oberdiek\kvoptions.sty"
Package: kvoptions 2016/05/16 v3.12 Key value format for package options (HO)
)
\@linkdim=\dimen194
\Hy@linkcounter=\count142
\Hy@pagecounter=\count143

("C:\Program Files\MiKTeX 2.9\tex\latex\hyperref\pd1enc.def"
File: pd1enc.def 2018/02/06 v6.86b Hyperref: PDFDocEncoding definition (HO)
)
\Hy@SavedSpaceFactor=\count144

("C:\Users\GeorgeSun\AppData\Local\Programs\MiKTeX 2.9\tex\latex\00miktex\hyper
ref.cfg"
File: hyperref.cfg 2002/06/06 v1.2 hyperref configuration of TeXLive
)
Package hyperref Info: Hyper figures OFF on input line 4509.
Package hyperref Info: Link nesting OFF on input line 4514.
Package hyperref Info: Hyper index ON on input line 4517.
Package hyperref Info: Plain pages OFF on input line 4524.
Package hyperref Info: Backreferencing OFF on input line 4529.
Package hyperref Info: Implicit mode ON; LaTeX internals redefined.
Package hyperref Info: Bookmarks ON on input line 4762.
\c@Hy@tempcnt=\count145

("C:\Users\GeorgeSun\AppData\Local\Programs\MiKTeX 2.9\tex\latex\url\url.sty"
\Urlmuskip=\muskip11
Package: url 2013/09/16  ver 3.4  Verb mode for urls, etc.
)
LaTeX Info: Redefining \url on input line 5115.
\XeTeXLinkMargin=\dimen195
\Fld@menulength=\count146
\Field@Width=\dimen196
\Fld@charsize=\dimen197
Package hyperref Info: Hyper figures OFF on input line 6369.
Package hyperref Info: Link nesting OFF on input line 6374.
Package hyperref Info: Hyper index ON on input line 6377.
Package hyperref Info: backreferencing OFF on input line 6384.
Package hyperref Info: Link coloring OFF on input line 6389.
Package hyperref Info: Link coloring with OCG OFF on input line 6394.
Package hyperref Info: PDF/A mode OFF on input line 6399.
LaTeX Info: Redefining \ref on input line 6439.
LaTeX Info: Redefining \pageref on input line 6443.
\Hy@abspage=\count147
\c@Item=\count148
\c@Hfootnote=\count149
)
Package hyperref Info: Driver (autodetected): hpdftex.
("C:\Program Files\MiKTeX 2.9\tex\latex\hyperref\hpdftex.def"
File: hpdftex.def 2018/02/06 v6.86b Hyperref driver for pdfTeX
\Fld@listcount=\count150
\c@bookmark@seq@number=\count151

("C:\Program Files\MiKTeX 2.9\tex\latex\oberdiek\rerunfilecheck.sty"
Package: rerunfilecheck 2016/05/16 v1.8 Rerun checks for auxiliary files (HO)
Package uniquecounter Info: New unique counter `rerunfilecheck' on input line 2
82.
)
\Hy@SectionHShift=\skip56
)
("C:\Users\GeorgeSun\AppData\Local\Programs\MiKTeX 2.9\tex\latex\import\import.
sty"
Package: import 2009/03/23  v 5.1
)
("C:\Users\GeorgeSun\AppData\Local\Programs\MiKTeX 2.9\tex\latex\cite\cite.sty"
LaTeX Info: Redefining \cite on input line 302.
LaTeX Info: Redefining \nocite on input line 332.
Package: cite 2015/02/27  v 5.5
) ("C:\Program Files\MiKTeX 2.9\tex\latex\tools\longtable.sty"
Package: longtable 2014/10/28 v4.11 Multi-page Table package (DPC)
\LTleft=\skip57
\LTright=\skip58
\LTpre=\skip59
\LTpost=\skip60
\LTchunksize=\count152
\LTcapwidth=\dimen198
\LT@head=\box68
\LT@firsthead=\box69
\LT@foot=\box70
\LT@lastfoot=\box71
\LT@cols=\count153
\LT@rows=\count154
\c@LT@tables=\count155
\c@LT@chunks=\count156
\LT@p@ftn=\toks40
)
("C:\Users\GeorgeSun\AppData\Local\Programs\MiKTeX 2.9\tex\latex\ltablex\ltable
x.sty"
Package: ltablex 2014/08/13 v1.1 Modified tabularx
 ("C:\Program Files\MiKTeX 2.9\tex\latex\tools\tabularx.sty"
Package: tabularx 2016/02/03 v2.11 `tabularx' package (DPC)
\TX@col@width=\dimen199
\TX@old@table=\dimen256
\TX@old@col=\dimen257
\TX@target=\dimen258
\TX@delta=\dimen259
\TX@cols=\count157
\TX@ftn=\toks41
))
("C:\Users\GeorgeSun\AppData\Local\Programs\MiKTeX 2.9\tex\latex\rotating\rotat
ing.sty"
Package: rotating 2009/03/28 v2.16a rotated objects in LaTeX
\c@r@tfl@t=\count158
\rotFPtop=\skip61
\rotFPbot=\skip62
\rot@float@box=\box72
\rot@mess@toks=\toks42
)
("C:\Users\GeorgeSun\AppData\Local\Programs\MiKTeX 2.9\tex\latex\fancyhdr\fancy
hdr.sty"
\fancy@headwidth=\skip63
\f@ncyO@elh=\skip64
\f@ncyO@erh=\skip65
\f@ncyO@olh=\skip66
\f@ncyO@orh=\skip67
\f@ncyO@elf=\skip68
\f@ncyO@erf=\skip69
\f@ncyO@olf=\skip70
\f@ncyO@orf=\skip71
)
("C:\Users\GeorgeSun\AppData\Local\Programs\MiKTeX 2.9\tex\latex\setspace\setsp
ace.sty"
Package: setspace 2011/12/19 v6.7a set line spacing
)
("C:\Users\GeorgeSun\AppData\Local\Programs\MiKTeX 2.9\tex\latex\wrapfig\wrapfi
g.sty"
\wrapoverhang=\dimen260
\WF@size=\dimen261
\c@WF@wrappedlines=\count159
\WF@box=\box73
\WF@everypar=\toks43
Package: wrapfig 2003/01/31  v 3.6
)
("C:\Users\GeorgeSun\AppData\Local\Programs\MiKTeX 2.9\tex\latex\booktabs\bookt
abs.sty"
Package: booktabs 2005/04/14 v1.61803 publication quality tables
\heavyrulewidth=\dimen262
\lightrulewidth=\dimen263
\cmidrulewidth=\dimen264
\belowrulesep=\dimen265
\belowbottomsep=\dimen266
\aboverulesep=\dimen267
\abovetopsep=\dimen268
\cmidrulesep=\dimen269
\cmidrulekern=\dimen270
\defaultaddspace=\dimen271
\@cmidla=\count160
\@cmidlb=\count161
\@aboverulesep=\dimen272
\@belowrulesep=\dimen273
\@thisruleclass=\count162
\@lastruleclass=\count163
\@thisrulewidth=\dimen274
)
("C:\Users\GeorgeSun\AppData\Local\Programs\MiKTeX 2.9\tex\latex\mhchem\mhchem.
sty"
Package: mhchem 2016/02/07 v4.04 for typesetting chemical formulae

("C:\Users\GeorgeSun\AppData\Local\Programs\MiKTeX 2.9\tex\latex\l3kernel\expl3
.sty"
Package: expl3 2016/04/20 v6476 L3 programming layer (loader) 

("C:\Users\GeorgeSun\AppData\Local\Programs\MiKTeX 2.9\tex\latex\l3kernel\expl3
-code.tex"
Package: expl3 2016/04/20 v6476 L3 programming layer (code)
L3 Module: l3bootstrap 2016/02/12 v6412 L3 Bootstrap code
L3 Module: l3names 2016/03/11 v6433 L3 Namespace for primitives
L3 Module: l3basics 2015/11/22 v6315 L3 Basic definitions
L3 Module: l3expan 2015/09/10 v5983 L3 Argument expansion
L3 Module: l3tl 2016/03/26 v6465 L3 Token lists
L3 Module: l3str 2016/03/24 v6441 L3 Strings
L3 Module: l3seq 2015/08/05 v5777 L3 Sequences and stacks
L3 Module: l3int 2016/03/24 v6441 L3 Integers
\c_max_int=\count164
\l_tmpa_int=\count165
\l_tmpb_int=\count166
\g_tmpa_int=\count167
\g_tmpb_int=\count168
L3 Module: l3quark 2015/08/17 v5855 L3 Quarks
L3 Module: l3prg 2015/11/01 v6216 L3 Control structures
\g__prg_map_int=\count169
L3 Module: l3clist 2015/09/02 v5901 L3 Comma separated lists
L3 Module: l3token 2016/04/03 v6470 L3 Experimental token manipulation
L3 Module: l3prop 2016/01/05 v6366 L3 Property lists
L3 Module: l3msg 2016/03/26 v6464 L3 Messages
L3 Module: l3file 2016/03/25 v6458 L3 File and I/O operations
\l_iow_line_count_int=\count170
\l__iow_target_count_int=\count171
\l__iow_current_line_int=\count172
\l__iow_current_word_int=\count173
\l__iow_current_indentation_int=\count174
L3 Module: l3skip 2016/01/05 v6366 L3 Dimensions and skips
\c_zero_dim=\dimen275
\c_max_dim=\dimen276
\l_tmpa_dim=\dimen277
\l_tmpb_dim=\dimen278
\g_tmpa_dim=\dimen279
\g_tmpb_dim=\dimen280
\c_zero_skip=\skip72
\c_max_skip=\skip73
\l_tmpa_skip=\skip74
\l_tmpb_skip=\skip75
\g_tmpa_skip=\skip76
\g_tmpb_skip=\skip77
\c_zero_muskip=\muskip12
\c_max_muskip=\muskip13
\l_tmpa_muskip=\muskip14
\l_tmpb_muskip=\muskip15
\g_tmpa_muskip=\muskip16
\g_tmpb_muskip=\muskip17
L3 Module: l3keys 2015/11/17 v6284 L3 Key-value interfaces
\g__keyval_level_int=\count175
\l_keys_choice_int=\count176
L3 Module: l3fp 2016/03/26 v6465 L3 Floating points
\c__fp_leading_shift_int=\count177
\c__fp_middle_shift_int=\count178
\c__fp_trailing_shift_int=\count179
\c__fp_big_leading_shift_int=\count180
\c__fp_big_middle_shift_int=\count181
\c__fp_big_trailing_shift_int=\count182
\c__fp_Bigg_leading_shift_int=\count183
\c__fp_Bigg_middle_shift_int=\count184
\c__fp_Bigg_trailing_shift_int=\count185
L3 Module: l3box 2015/08/09 v5822 L3 Experimental boxes
\c_empty_box=\box74
\l_tmpa_box=\box75
\l_tmpb_box=\box76
\g_tmpa_box=\box77
\g_tmpb_box=\box78
L3 Module: l3coffins 2016/03/24 v6440 L3 Coffin code layer
\l__coffin_internal_box=\box79
\l__coffin_internal_dim=\dimen281
\l__coffin_offset_x_dim=\dimen282
\l__coffin_offset_y_dim=\dimen283
\l__coffin_x_dim=\dimen284
\l__coffin_y_dim=\dimen285
\l__coffin_x_prime_dim=\dimen286
\l__coffin_y_prime_dim=\dimen287
\c_empty_coffin=\box80
\l__coffin_aligned_coffin=\box81
\l__coffin_aligned_internal_coffin=\box82
\l_tmpa_coffin=\box83
\l_tmpb_coffin=\box84
\l__coffin_display_coffin=\box85
\l__coffin_display_coord_coffin=\box86
\l__coffin_display_pole_coffin=\box87
\l__coffin_display_offset_dim=\dimen288
\l__coffin_display_x_dim=\dimen289
\l__coffin_display_y_dim=\dimen290
L3 Module: l3color 2014/08/23 v5354 L3 Experimental color support
L3 Module: l3sys 2015/09/25 v6087 L3 Experimental system/runtime functions
L3 Module: l3candidates 2016/03/25 v6456 L3 Experimental additions to l3kernel
\l__box_top_dim=\dimen291
\l__box_bottom_dim=\dimen292
\l__box_left_dim=\dimen293
\l__box_right_dim=\dimen294
\l__box_top_new_dim=\dimen295
\l__box_bottom_new_dim=\dimen296
\l__box_left_new_dim=\dimen297
\l__box_right_new_dim=\dimen298
\l__box_internal_box=\box88
\l__coffin_bounding_shift_dim=\dimen299
\l__coffin_left_corner_dim=\dimen300
\l__coffin_right_corner_dim=\dimen301
\l__coffin_bottom_corner_dim=\dimen302
\l__coffin_top_corner_dim=\dimen303
\l__coffin_scaled_total_height_dim=\dimen304
\l__coffin_scaled_width_dim=\dimen305
L3 Module: l3luatex 2016/03/26 v6465 L3 Experimental LuaTeX-specific functions
)
("C:\Users\GeorgeSun\AppData\Local\Programs\MiKTeX 2.9\tex\latex\l3kernel\l3pdf
mode.def"
File: l3pdfmode.def 2016/03/26 v6465 L3 Experimental driver: PDF mode
\l__driver_color_stack_int=\count186
))
("C:\Users\GeorgeSun\AppData\Local\Programs\MiKTeX 2.9\tex\latex\l3packages\l3k
eys2e\l3keys2e.sty"
Package: l3keys2e 2016/04/20 v6476 LaTeX2e option processing using LaTeX3 keys
)
("C:\Users\GeorgeSun\AppData\Local\Programs\MiKTeX 2.9\tex\latex\l3experimental
\l3str\l3regex.sty"
Package: l3regex 2016/04/20 v6476 L3 Experimental regular expressions

("C:\Users\GeorgeSun\AppData\Local\Programs\MiKTeX 2.9\tex\latex\l3experimental
\l3str\l3tl-build.sty"
Package: l3tl-build 2016/04/20 v6476 L3 Experimental token list construction
\l__tl_build_start_index_int=\count187
\l__tl_build_index_int=\count188
)
("C:\Users\GeorgeSun\AppData\Local\Programs\MiKTeX 2.9\tex\latex\l3experimental
\l3str\l3tl-analysis.sty"
Package: l3tl-analysis 2016/03/24 v6443 L3 Experimental token lists analysis
\l__tl_analysis_normal_int=\count189
\l__tl_analysis_index_int=\count190
\l__tl_analysis_nesting_int=\count191
\l__tl_analysis_type_int=\count192
)
("C:\Users\GeorgeSun\AppData\Local\Programs\MiKTeX 2.9\tex\latex\l3experimental
\l3str\l3flag.sty"
Package: l3flag 2016/04/20 v6476 L3 Experimental flags
)
("C:\Users\GeorgeSun\AppData\Local\Programs\MiKTeX 2.9\tex\latex\l3experimental
\l3str\l3str-convert.sty"
Package: l3str-convert 2016/03/24 v6443 L3 Experimental string encoding convers
ions
\l__str_internal_int=\count193
\c__str_replacement_char_int=\count194
)
\l__regex_internal_a_int=\count195
\l__regex_internal_b_int=\count196
\l__regex_internal_c_int=\count197
\l__regex_balance_int=\count198
\l__regex_group_level_int=\count199
\l__regex_mode_int=\count266
\l__regex_catcodes_int=\count267
\l__regex_default_catcodes_int=\count268
\c__regex_catcode_D_int=\count269
\c__regex_catcode_S_int=\count270
\c__regex_catcode_L_int=\count271
\c__regex_catcode_O_int=\count272
\c__regex_catcode_A_int=\count273
\c__regex_all_catcodes_int=\count274
\l__regex_show_lines_int=\count275
\l__regex_min_state_int=\count276
\l__regex_max_state_int=\count277
\l__regex_left_state_int=\count278
\l__regex_right_state_int=\count279
\l__regex_capturing_group_int=\count280
\l__regex_min_pos_int=\count281
\l__regex_max_pos_int=\count282
\l__regex_current_pos_int=\count283
\l__regex_start_pos_int=\count284
\l__regex_success_pos_int=\count285
\l__regex_current_char_int=\count286
\l__regex_current_catcode_int=\count287
\l__regex_last_char_int=\count288
\l__regex_case_changed_char_int=\count289
\l__regex_current_state_int=\count290
\l__regex_step_int=\count291
\l__regex_min_active_int=\count292
\l__regex_max_active_int=\count293
\l__regex_replacement_csnames_int=\count294
\l__regex_match_count_int=\count295
\l__regex_submatch_int=\count296
\l__regex_zeroth_submatch_int=\count297
)
("C:\Users\GeorgeSun\AppData\Local\Programs\MiKTeX 2.9\tex\latex\chemgreek\chem
greek.sty"
("C:\Users\GeorgeSun\AppData\Local\Programs\MiKTeX 2.9\tex\latex\l3packages\xpa
rse\xparse.sty"
Package: xparse 2016/04/20 v6476 L3 Experimental document command parser
\l__xparse_current_arg_int=\count298
\l__xparse_m_args_int=\count299
\l__xparse_mandatory_args_int=\count300
\l__xparse_processor_int=\count301
\l__xparse_v_nesting_int=\count302
)
Package: chemgreek 2016/01/07 v1.0d interfaceforuprightgreeklettersforuseinchem
istry (CN)
\l__chemgreek_tmpa_int=\count303
\g__chemgreek_tmpa_int=\count304
.................................................
. LaTeX info: "xparse/define-command"
. 
. Defining command \newchemgreekmapping with sig. 'O{}mm' on line 336.
.................................................
.................................................
. LaTeX info: "xparse/define-command"
. 
. Defining command \renewchemgreekmapping with sig. 'O{}mm' on line 339.
.................................................
.................................................
. LaTeX info: "xparse/define-command"
. 
. Defining command \declarechemgreekmapping with sig. 'O{}mm' on line 342.
.................................................
.................................................
. LaTeX info: "xparse/define-command"
. 
. Defining command \newchemgreekmappingalias with sig. 'mm' on line 347.
.................................................
.................................................
. LaTeX info: "xparse/define-command"
. 
. Defining command \renewchemgreekmappingalias with sig. 'mm' on line 350.
.................................................
.................................................
. LaTeX info: "xparse/define-command"
. 
. Defining command \declarechemgreekmappingalias with sig. 'mm' on line 353.
.................................................
.................................................
. LaTeX info: "xparse/define-command"
. 
. Defining command \changechemgreeksymbol with sig. 'mmmm' on line 383.
.................................................
.................................................
. LaTeX info: "xparse/define-command"
. 
. Defining command \chemgreekmappingsymbol with sig. 'mm' on line 477.
.................................................
.................................................
. LaTeX info: "xparse/define-command"
. 
. Defining command \activatechemgreekmapping with sig. 'sm' on line 486.
.................................................
.................................................
. LaTeX info: "xparse/define-command"
. 
. Defining command \selectchemgreekmapping with sig. 'm' on line 491.
.................................................
)
\l__mhchem_ce_distanceFromLastComma_int=\count305
\__mhchem_arrow_extPgfLength_skip=\skip78
\mhchem@minispace@tmp=\skip79
\mhchem@minibackspace@tmp=\skip80
\mhchem@bondwidth=\skip81
\mhchem@bondheight=\skip82
\mhchem@smallbondwidth@tmpA=\skip83
\mhchem@smallbondwidth@tmpB=\skip84
\mhchem@smallbondwidth=\skip85
\mhchem@bondtmp@minussidebearingleft=\skip86
\mhchem@bondtmp@minussidebearingright=\skip87
\l__mhchem_option_version_int=\count306
\mhchem@option@minusmathsidebearingleft=\dimen306
\mhchem@option@minusmathsidebearingright=\dimen307
\mhchem@option@minustextsidebearingleft=\dimen308
\mhchem@option@minustextsidebearingright=\dimen309


Package mhchem Warning: You did not specify a 'version' option for the mhchem
(mhchem)                package. Please write \usepackage[version=4]{mhchem}
(mhchem)                in your preamble (or any lower number for
(mhchem)                compatibility mode), because you might get slightly
(mhchem)                different output with the same input in future versions
.

)
("C:\Users\GeorgeSun\AppData\Local\Programs\MiKTeX 2.9\tex\latex\enumitem\enumi
tem.sty"
Package: enumitem 2011/09/28 v3.5.2 Customized lists
\labelindent=\skip88
\enit@outerparindent=\dimen310
\enit@toks=\toks44
\enit@inbox=\box89
\enitdp@description=\count307
)
("C:\Users\GeorgeSun\AppData\Local\Programs\MiKTeX 2.9\tex\latex\siunitx\siunit
x.sty"
Package: siunitx 2016/03/01 v2.6q A comprehensive (SI) units package
\l__siunitx_tmp_box=\box90
\l__siunitx_tmp_dim=\dimen311
\l__siunitx_tmp_int=\count308
\l__siunitx_number_mantissa_length_int=\count309
\l__siunitx_number_uncert_length_int=\count310
\l__siunitx_round_int=\count311
\l__siunitx_process_decimal_int=\count312
\l__siunitx_process_uncertainty_int=\count313
\l__siunitx_process_fixed_int=\count314
\l__siunitx_process_integer_min_int=\count315
\l__siunitx_process_precision_int=\count316
\l__siunitx_group_min_int=\count317
\l__siunitx_angle_marker_box=\box91
\l__siunitx_angle_unit_box=\box92
\l__siunitx_angle_marker_dim=\dimen312
\l__siunitx_angle_unit_dim=\dimen313
\l__siunitx_unit_int=\count318
\l__siunitx_unit_denominator_int=\count319
\l__siunitx_unit_numerator_int=\count320
\l__siunitx_unit_prefix_int=\count321
\l__siunitx_unit_prefix_base_int=\count322
\l__siunitx_unit_prefix_gram_int=\count323
\l__siunitx_number_product_int=\count324
\c__siunitx_one_fill_skip=\skip89
\l__siunitx_table_unit_align_skip=\skip90
\l__siunitx_table_exponent_dim=\dimen314
\l__siunitx_table_integer_dim=\dimen315
\l__siunitx_table_mantissa_dim=\dimen316
\l__siunitx_table_marker_dim=\dimen317
\l__siunitx_table_result_dim=\dimen318
\l__siunitx_table_uncert_dim=\dimen319
\l__siunitx_table_fill_pre_dim=\dimen320
\l__siunitx_table_fill_post_dim=\dimen321
\l__siunitx_table_fill_mid_dim=\dimen322
\l__siunitx_table_pre_box=\box93
\l__siunitx_table_post_box=\box94
\l__siunitx_table_mantissa_box=\box95
\l__siunitx_table_result_box=\box96
\l__siunitx_table_number_align_skip=\skip91
\l__siunitx_table_text_align_skip=\skip92
.................................................
. LaTeX info: "xparse/define-command"
. 
. Defining command \DeclareBinaryPrefix with sig. 'mmm' on line 7218.
.................................................
.................................................
. LaTeX info: "xparse/define-command"
. 
. Defining command \DeclareSIPostPower with sig. 'mm' on line 7221.
.................................................
.................................................
. LaTeX info: "xparse/define-command"
. 
. Defining command \DeclareSIPrefix with sig. 'mmm' on line 7224.
.................................................
.................................................
. LaTeX info: "xparse/define-command"
. 
. Defining command \DeclareSIPrePower with sig. 'mm' on line 7227.
.................................................
.................................................
. LaTeX info: "xparse/define-command"
. 
. Defining command \DeclareSIQualifier with sig. 'mm' on line 7230.
.................................................
.................................................
. LaTeX info: "xparse/define-command"
. 
. Defining command \DeclareSIUnit with sig. 'O{}mm' on line 7233.
.................................................
.................................................
. LaTeX info: "xparse/define-command"
. 
. Defining command \DeclareSIUnitWithOptions with sig. 'mmm' on line 7236.
.................................................
.................................................
. LaTeX info: "xparse/define-command"
. 
. Defining command \ang with sig. 'o>{\SplitArgument {2}{;}}m' on line 7251.
.................................................
.................................................
. LaTeX info: "xparse/define-command"
. 
. Defining command \num with sig. 'om' on line 7260.
.................................................
.................................................
. LaTeX info: "xparse/define-command"
. 
. Defining command \numlist with sig. 'o>{\SplitList {;}}m' on line 7269.
.................................................
.................................................
. LaTeX info: "xparse/define-command"
. 
. Defining command \numrange with sig. 'omm' on line 7278.
.................................................
.................................................
. LaTeX info: "xparse/define-command"
. 
. Defining command \SIlist with sig. 'o>{\SplitList {;}}mm' on line 7290.
.................................................
.................................................
. LaTeX info: "xparse/define-command"
. 
. Defining command \SIrange with sig. 'ommm' on line 7302.
.................................................
.................................................
. LaTeX info: "xparse/define-command"
. 
. Defining command \SI with sig. 'omom' on line 7314.
.................................................
.................................................
. LaTeX info: "xparse/define-command"
. 
. Defining command \sisetup with sig. 'm' on line 7317.
.................................................
.................................................
. LaTeX info: "xparse/define-command"
. 
. Defining command \tablenum with sig. 'om' on line 7332.
.................................................
.................................................
. LaTeX info: "xparse/define-command"
. 
. Defining command \si with sig. 'om' on line 7344.
.................................................
.................................................
. LaTeX info: "xparse/define-command"
. 
. Defining command \__siunitx_bookmark_num:w with sig. 'om' on line 7391.
.................................................
.................................................
. LaTeX info: "xparse/define-command"
. 
. Defining command \__siunitx_bookmark_numrange:w with sig. 'omm' on line
. 7393.
.................................................
.................................................
. LaTeX info: "xparse/define-command"
. 
. Defining command \__siunitx_bookmark_SI:w with sig. 'omom' on line 7395.
.................................................
.................................................
. LaTeX info: "xparse/define-command"
. 
. Defining command \__siunitx_bookmark_SIlist:w with sig. 'omm' on line 7397.
.................................................
.................................................
. LaTeX info: "xparse/define-command"
. 
. Defining command \__siunitx_bookmark_SIrange:w with sig. 'ommm' on line
. 7399.
.................................................
.................................................
. LaTeX info: "xparse/define-command"
. 
. Defining command \__siunitx_bookmark_si:w with sig. 'om' on line 7400.
.................................................
\g__file_internal_ior=\read3

("C:\Users\GeorgeSun\AppData\Local\Programs\MiKTeX 2.9\tex\latex\beamer\base\tr
anslator\translator.sty"
Package: translator 2010/06/12 ver 1.10

("C:\Users\GeorgeSun\AppData\Local\Programs\MiKTeX 2.9\tex\latex\beamer\base\tr
anslator\translator-language-mappings.tex")))
("C:\Users\GeorgeSun\AppData\Local\Programs\MiKTeX 2.9\tex\latex\adjustbox\adju
stbox.sty"
Package: adjustbox 2012/05/21 v1.0 Adjusting TeX boxes (trim, clip, ...)

("C:\Users\GeorgeSun\AppData\Local\Programs\MiKTeX 2.9\tex\latex\adjustbox\adjc
alc.sty"
Package: adjcalc 2012/05/16 v1.1 Provides advanced setlength with multiple back
-ends (calc, etex, pgfmath)
)
("C:\Users\GeorgeSun\AppData\Local\Programs\MiKTeX 2.9\tex\latex\adjustbox\trim
clip.sty"
Package: trimclip 2012/05/16 v1.0 Trim and clip general TeX material

("C:\Users\GeorgeSun\AppData\Local\Programs\MiKTeX 2.9\tex\latex\collectbox\col
lectbox.sty"
Package: collectbox 2012/05/17 v0.4b Collect macro arguments as boxes
\collectedbox=\box97
)
\tc@llx=\dimen323
\tc@lly=\dimen324
\tc@urx=\dimen325
\tc@ury=\dimen326
Package trimclip Info: Using driver 'tc-pdftex.def'.

("C:\Users\GeorgeSun\AppData\Local\Programs\MiKTeX 2.9\tex\latex\adjustbox\tc-p
dftex.def"
File: tc-pdftex.def 2012/05/13 v1.0 Clipping driver for pdftex
))
\adjbox@Width=\dimen327
\adjbox@Height=\dimen328
\adjbox@Depth=\dimen329
\adjbox@Totalheight=\dimen330

("C:\Users\GeorgeSun\AppData\Local\Programs\MiKTeX 2.9\tex\latex\ifoddpage\ifod
dpage.sty"
Package: ifoddpage 2011/09/13 v1.0 Conditionals for odd/even page detection
\c@checkoddpage=\count325
) ("C:\Program Files\MiKTeX 2.9\tex\latex\ltxmisc\varwidth.sty"
Package: varwidth 2009/03/30 ver 0.92;  Variable-width minipages
\@vwid@box=\box98
\sift@deathcycles=\count326
\@vwid@loff=\dimen331
\@vwid@roff=\dimen332
))
("C:\Users\GeorgeSun\AppData\Local\Programs\MiKTeX 2.9\tex\latex\changepage\cha
ngepage.sty"
Package: changepage 2009/10/20 v1.0c check page and change page layout
\c@cp@cntr=\count327
\cp@tempcnt=\count328
LaTeX Info: Redefining \checkoddpage on input line 59.
)
("C:\Users\GeorgeSun\AppData\Local\Programs\MiKTeX 2.9\tex\latex\footmisc\footm
isc.sty"
Package: footmisc 2011/06/06 v5.5b a miscellany of footnote facilities
\FN@temptoken=\toks45
\footnotemargin=\dimen333


LaTeX Warning: Command \@makecol  has changed.
               Check if current package is valid.

\c@pp@next@reset=\count329
Package footmisc Info: Declaring symbol style bringhurst on input line 855.
Package footmisc Info: Declaring symbol style chicago on input line 863.
Package footmisc Info: Declaring symbol style wiley on input line 872.
Package footmisc Info: Declaring symbol style lamport-robust on input line 883.

Package footmisc Info: Declaring symbol style lamport* on input line 903.
Package footmisc Info: Declaring symbol style lamport*-robust on input line 924
.
)
("C:\Users\GeorgeSun\AppData\Local\Programs\MiKTeX 2.9\tex\latex\cleveref\cleve
ref.sty"
Package: cleveref 2013/12/28 v0.19 Intelligent cross-referencing
Package cleveref Info: `hyperref' support loaded on input line 2230.
LaTeX Info: Redefining \cref on input line 2230.
LaTeX Info: Redefining \Cref on input line 2230.
LaTeX Info: Redefining \crefrange on input line 2230.
LaTeX Info: Redefining \Crefrange on input line 2230.
LaTeX Info: Redefining \cpageref on input line 2230.
LaTeX Info: Redefining \Cpageref on input line 2230.
LaTeX Info: Redefining \cpagerefrange on input line 2230.
LaTeX Info: Redefining \Cpagerefrange on input line 2230.
LaTeX Info: Redefining \labelcref on input line 2230.
LaTeX Info: Redefining \labelcpageref on input line 2230.
)
("C:\Users\GeorgeSun\AppData\Local\Programs\MiKTeX 2.9\tex\latex\pdfpages\pdfpa
ges.sty"
Package: pdfpages 2017/10/31 v0.5l Insert pages of external PDF documents (AM)

("C:\Users\GeorgeSun\AppData\Local\Programs\MiKTeX 2.9\tex\latex\eso-pic\eso-pi
c.sty"
Package: eso-pic 2015/07/21 v2.0g eso-pic (RN)
)
\AM@pagewidth=\dimen334
\AM@pageheight=\dimen335

("C:\Users\GeorgeSun\AppData\Local\Programs\MiKTeX 2.9\tex\latex\pdfpages\pppdf
tex.def"
File: pppdftex.def 2017/10/31 v0.5l Pdfpages driver for pdfTeX (AM)
)
\AM@pagebox=\box99
\AM@global@opts=\toks46
\AM@toc@title=\toks47
\c@AM@survey=\count330
\AM@templatesizebox=\box100
) ("C:\Program Files\MiKTeX 2.9\tex\latex\geometry\geometry.sty"
Package: geometry 2010/09/12 v5.6 Page Geometry
\Gm@cnth=\count331
\Gm@cntv=\count332
\c@Gm@tempcnt=\count333
\Gm@bindingoffset=\dimen336
\Gm@wd@mp=\dimen337
\Gm@odd@mp=\dimen338
\Gm@even@mp=\dimen339
\Gm@layoutwidth=\dimen340
\Gm@layoutheight=\dimen341
\Gm@layouthoffset=\dimen342
\Gm@layoutvoffset=\dimen343
\Gm@dimlist=\toks48

("C:\Program Files\MiKTeX 2.9\tex\latex\geometry\geometry.cfg"))
("C:\Users\GeorgeSun\AppData\Local\Programs\MiKTeX 2.9\tex\latex\colortbl\color
tbl.sty"
Package: colortbl 2012/02/13 v1.0a Color table columns (DPC)
\everycr=\toks49
\minrowclearance=\skip93
) ("C:\Program Files\MiKTeX 2.9\tex\latex\oberdiek\grffile.sty"
Package: grffile 2017/06/30 v1.18 Extended file name support for graphics (HO)
Package grffile Info: Option `multidot' is set to `true'.
Package grffile Info: Option `extendedchars' is set to `false'.
Package grffile Info: Option `space' is set to `true'.
Package grffile Info: \Gin@ii of package `graphicx' fixed on input line 494.
)
("C:\Users\GeorgeSun\AppData\Local\Programs\MiKTeX 2.9\tex\latex\blindtext\blin
dtext.sty"
Package: blindtext 2012/01/06 V2.0 blindtext-Package
 ("C:\Program Files\MiKTeX 2.9\tex\latex\tools\xspace.sty"
Package: xspace 2014/10/28 v1.13 Space after command names (DPC,MH)
)
\c@blindtext=\count334
\c@Blindtext=\count335
\c@blind@countparstart=\count336
\blind@countxx=\count337
\blindtext@numBlindtext=\count338
\blind@countyy=\count339
\c@blindlist=\count340
\c@blindlistlevel=\count341
\c@blindlist@level=\count342
\blind@listitem=\count343
\c@blind@listcount=\count344
\c@blind@levelcount=\count345
\blind@mathformula=\count346
\blind@Mathformula=\count347
\c@blind@randomcount=\count348
\c@blind@randommax=\count349
\c@blind@pangramcount=\count350
\c@blind@pangrammax=\count351
))
("C:\Users\GeorgeSun\AppData\Local\Programs\MiKTeX 2.9\tex\latex\lipsum\lipsum.
sty"
Package: lipsum 2014/07/27 v1.3 150 paragraphs of Lorem Ipsum dummy text
\c@lips@count=\count352
) (../main/refextdoc.sty

LaTeX Warning: You have requested package `../main/refextdoc',
               but the package provides `refextdoc'.

Package: refextdoc 
("C:\Program Files\MiKTeX 2.9\tex\latex\tools\xr.sty"
Package: xr 1994/05/28 v5.02 eXternal References (DPC)
)
Package xr Info: IMPORTING LABELS FROM ../main/main.aux on input line 11.
Package xr Info: IMPORTING LABELS FROM ../sections/abstract.aux on input line 1
2.
Package xr Info: IMPORTING LABELS FROM ../sections/objective.aux on input line 
13.
Package xr Info: IMPORTING LABELS FROM ../sections/background.aux on input line
 14.
)))

LaTeX Warning: Unused global option(s):
    [lettersize].

(abstract.aux)
\openout1 = `abstract.aux'.

LaTeX Font Info:    Checking defaults for OML/cmm/m/it on input line 3.
LaTeX Font Info:    ... okay on input line 3.
LaTeX Font Info:    Checking defaults for T1/cmr/m/n on input line 3.
LaTeX Font Info:    ... okay on input line 3.
LaTeX Font Info:    Checking defaults for OT1/cmr/m/n on input line 3.
LaTeX Font Info:    ... okay on input line 3.
LaTeX Font Info:    Checking defaults for OMS/cmsy/m/n on input line 3.
LaTeX Font Info:    ... okay on input line 3.
LaTeX Font Info:    Checking defaults for OMX/cmex/m/n on input line 3.
LaTeX Font Info:    ... okay on input line 3.
LaTeX Font Info:    Checking defaults for U/cmr/m/n on input line 3.
LaTeX Font Info:    ... okay on input line 3.
LaTeX Font Info:    Checking defaults for PD1/pdf/m/n on input line 3.
LaTeX Font Info:    ... okay on input line 3.

("C:\Users\GeorgeSun\AppData\Local\Programs\MiKTeX 2.9\tex\context\base\supp-pd
f.mkii"
[Loading MPS to PDF converter (version 2006.09.02).]
\scratchcounter=\count353
\scratchdimen=\dimen344
\scratchbox=\box101
\nofMPsegments=\count354
\nofMParguments=\count355
\everyMPshowfont=\toks50
\MPscratchCnt=\count356
\MPscratchDim=\dimen345
\MPnumerator=\count357
\makeMPintoPDFobject=\count358
\everyMPtoPDFconversion=\toks51
) ("C:\Program Files\MiKTeX 2.9\tex\latex\oberdiek\epstopdf-base.sty"
Package: epstopdf-base 2016/05/15 v2.6 Base part for package epstopdf

("C:\Program Files\MiKTeX 2.9\tex\latex\oberdiek\grfext.sty"
Package: grfext 2016/05/16 v1.2 Manage graphics extensions (HO)
)
Package epstopdf-base Info: Redefining graphics rule for `.eps' on input line 4
38.
Package grfext Info: Graphics extension search list:
(grfext)             [.pdf,.png,.jpg,.mps,.jpeg,.jbig2,.jb2,.PDF,.PNG,.JPG,.JPE
G,.JBIG2,.JB2,.eps]
(grfext)             \AppendGraphicsExtensions on input line 456.
)
ABD: EveryShipout initializing macros
Package caption Info: Begin \AtBeginDocument code.
Package caption Info: hyperref package is loaded.
Package caption Info: longtable package is loaded.

("C:\Users\GeorgeSun\AppData\Local\Programs\MiKTeX 2.9\tex\latex\caption\ltcapt
ion.sty"
Package: ltcaption 2013/06/09 v1.4-94 longtable captions (AR)
)
Package caption Info: rotating package is loaded.
Package caption Info: sidecap package is loaded.
Package caption Info: wrapfig package is loaded.
Package caption Info: End \AtBeginDocument code.

("C:\Users\GeorgeSun\AppData\Local\Programs\MiKTeX 2.9\tex\latex\ms\ragged2e.st
y"
Package: ragged2e 2009/05/21 v2.1 ragged2e Package (MS)

("C:\Users\GeorgeSun\AppData\Local\Programs\MiKTeX 2.9\tex\latex\ms\everysel.st
y"
Package: everysel 2011/10/28 v1.2 EverySelectfont Package (MS)
 ABD: EverySelectfont initializing macros
LaTeX Info: Redefining \selectfont on input line 126.
)
\CenteringLeftskip=\skip94
\RaggedLeftLeftskip=\skip95
\RaggedRightLeftskip=\skip96
\CenteringRightskip=\skip97
\RaggedLeftRightskip=\skip98
\RaggedRightRightskip=\skip99
\CenteringParfillskip=\skip100
\RaggedLeftParfillskip=\skip101
\RaggedRightParfillskip=\skip102
\JustifyingParfillskip=\skip103
\CenteringParindent=\skip104
\RaggedLeftParindent=\skip105
\RaggedRightParindent=\skip106
\JustifyingParindent=\skip107
)
\AtBeginShipoutBox=\box102
Package hyperref Info: Link coloring OFF on input line 3.

("C:\Program Files\MiKTeX 2.9\tex\latex\hyperref\nameref.sty"
Package: nameref 2016/05/21 v2.44 Cross-referencing by name of section

("C:\Program Files\MiKTeX 2.9\tex\generic\oberdiek\gettitlestring.sty"
Package: gettitlestring 2016/05/16 v1.5 Cleanup title references (HO)
)
\c@section@level=\count359
)
LaTeX Info: Redefining \ref on input line 3.
LaTeX Info: Redefining \pageref on input line 3.
LaTeX Info: Redefining \nameref on input line 3.

(abstract.out) (abstract.out)
\@outlinefile=\write4
\openout4 = `abstract.out'.

.................................................
. chemgreek info: "mapping-activated"
. 
. Activating mapping `default' on line 3.
.................................................

("C:\Users\GeorgeSun\AppData\Local\Programs\MiKTeX 2.9\tex\latex\beamer\base\tr
anslator\dicts\translator-basic-dictionary\translator-basic-dictionary-English.
dict"
Dictionary: translator-basic-dictionary, Language: English 
)
("C:\Users\GeorgeSun\AppData\Local\Programs\MiKTeX 2.9\tex\latex\siunitx\siunit
x-abbreviations.cfg"
File: siunitx-abbreviations.cfg 2016/03/01 v2.6q siunitx: Abbreviated units
)
("C:\Program Files\MiKTeX 2.9\tex\latex\oberdiek\pdflscape.sty"
Package: pdflscape 2016/05/14 v0.11 Display of landscape pages in PDF (HO)

("C:\Program Files\MiKTeX 2.9\tex\latex\graphics\lscape.sty"
Package: lscape 2000/10/22 v3.01 Landscape Pages (DPC)
)
Package pdflscape Info: Auto-detected driver: pdftex on input line 81.
)
*geometry* driver: auto-detecting
*geometry* detected driver: pdftex
*geometry* verbose mode - [ preamble ] result:
* driver: pdftex
* paper: <default>
* layout: <same size as paper>
* layoutoffset:(h,v)=(0.0pt,0.0pt)
* modes: 
* h-part:(L,W,R)=(57.81621pt, 498.66258pt, 57.81621pt)
* v-part:(T,H,B)=(57.81621pt, 679.33757pt, 57.81621pt)
* \paperwidth=614.295pt
* \paperheight=794.96999pt
* \textwidth=498.66258pt
* \textheight=679.33757pt
* \oddsidemargin=-14.45378pt
* \evensidemargin=-14.45378pt
* \topmargin=-51.45378pt
* \headheight=12.0pt
* \headsep=25.0pt
* \topskip=12.0pt
* \footskip=30.0pt
* \marginparwidth=44.0pt
* \marginparsep=10.0pt
* \columnsep=10.0pt
* \skip\footins=10.8pt plus 4.0pt minus 2.0pt
* \hoffset=0.0pt
* \voffset=0.0pt
* \mag=1000
* \@twocolumnfalse
* \@twosidefalse
* \@mparswitchfalse
* \@reversemarginfalse
* (1in=72.27pt=25.4mm, 1cm=28.453pt)

[1

{C:/Users/GeorgeSun/AppData/Local/MiKTeX/2.9/pdftex/config/pdftex.map}]
Package atveryend Info: Empty hook `BeforeClearDocument' on input line 17.
Package atveryend Info: Empty hook `AfterLastShipout' on input line 17.

(abstract.aux)
Package atveryend Info: Executing hook `AtVeryEndDocument' on input line 17.
Package atveryend Info: Executing hook `AtEndAfterFileList' on input line 17.
Package rerunfilecheck Info: File `abstract.out' has not changed.
(rerunfilecheck)             Checksum: D41D8CD98F00B204E9800998ECF8427E;0.
 ) 
Here is how much of TeX's memory you used:
 34318 strings out of 493339
 686437 string characters out of 3139351
 861675 words of memory out of 3000000
 37329 multiletter control sequences out of 15000+200000
 4845 words of font info for 18 fonts, out of 3000000 for 9000
 1127 hyphenation exceptions out of 8191
 78i,6n,98p,10484b,728s stack positions out of 5000i,500n,10000p,200000b,50000s
<C:/Program Files/MiKTeX 2.9/fonts/type1/public/amsfonts/cm/cmbx10.pfb><C:/Pr
ogram Files/MiKTeX 2.9/fonts/type1/public/amsfonts/cm/cmr10.pfb><C:/Program Fil
es/MiKTeX 2.9/fonts/type1/public/amsfonts/cm/cmr12.pfb><C:/Program Files/MiKTeX
 2.9/fonts/type1/public/amsfonts/cm/cmr17.pfb>
Output written on abstract.pdf (1 page, 49274 bytes).
PDF statistics:
 30 PDF objects out of 1000 (max. 8388607)
 2 named destinations out of 1000 (max. 500000)
 13 words of extra memory for PDF output out of 10000 (max. 10000000)

